<?xml version="1.0" encoding="UTF-8"?>
<testng-results ignored="0" total="1" passed="1" failed="0" skipped="0">
  <reporter-output>
  </reporter-output>
  <suite started-at="2023-01-09T17:53:24 IST" name="Default suite" finished-at="2023-01-09T17:54:17 IST" duration-ms="52870">
    <groups>
    </groups>
    <test started-at="2023-01-09T17:53:24 IST" name="Default test" finished-at="2023-01-09T17:54:17 IST" duration-ms="52870">
      <class name="Scenario2.TestCase">
        <test-method is-config="true" signature="setup()[pri:0, instance:Scenario2.TestCase@4f80542f]" started-at="2023-01-09T17:53:24 IST" name="setup" finished-at="2023-01-09T17:53:31 IST" duration-ms="6449" status="PASS">
          <reporter-output>
          </reporter-output>
        </test-method> <!-- setup -->
        <test-method signature="checkBag()[pri:0, instance:Scenario2.TestCase@4f80542f]" started-at="2023-01-09T17:53:31 IST" name="checkBag" finished-at="2023-01-09T17:54:17 IST" duration-ms="45913" status="PASS">
          <reporter-output>
          </reporter-output>
        </test-method> <!-- checkBag -->
        <test-method is-config="true" signature="exit()[pri:0, instance:Scenario2.TestCase@4f80542f]" started-at="2023-01-09T17:54:17 IST" name="exit" finished-at="2023-01-09T17:54:17 IST" duration-ms="447" status="PASS">
          <reporter-output>
          </reporter-output>
        </test-method> <!-- exit -->
      </class> <!-- Scenario2.TestCase -->
    </test> <!-- Default test -->
  </suite> <!-- Default suite -->
</testng-results>
